<?xml version="1.0" encoding="UTF-8"?>
<!-- Generated by org.testng.reporters.JUnitXMLReporter -->
<testsuite ignored="8" hostname="Villain" failures="0" tests="5" name="Test" time="116.171" errors="0" timestamp="2025-08-01T17:41:29 IST">
  <testcase classname="vTiger.OrganizationTest.ToCreateOrganizationTest" name="toCreareOrganizationTest_002" time="14.222"/>
  <testcase classname="vTiger.ContactTest.ToCreateContactTest" name="toCreateContactTest_001" time="13.296"/>
  <testcase classname="vTiger.CalenderTest.ToCreateCalenderTest" name="TocreateCalenderDate" time="6.94"/>
  <testcase classname="vTiger.ProductTest.ToCreatProductPageTest" name="tocreateProductPage" time="12.232"/>
  <testcase classname="vTiger.LeadsPageTest.ToCreateLeadInformationsTest" name="tocreateleadsTest_001" time="13.145"/>
  <testcase classname="vTiger.genericUtility.BaseClass" name="@BeforeSuite beforeSuitConfig" time="0.0">
    <ignored/>
  </testcase> <!-- @BeforeSuite beforeSuitConfig -->
  <testcase classname="vTiger.genericUtility.BaseClass" name="@BeforeSuite beforeSuitConfig" time="0.0">
    <ignored/>
  </testcase> <!-- @BeforeSuite beforeSuitConfig -->
  <testcase classname="vTiger.genericUtility.BaseClass" name="@BeforeSuite beforeSuitConfig" time="0.0">
    <ignored/>
  </testcase> <!-- @BeforeSuite beforeSuitConfig -->
  <testcase classname="vTiger.genericUtility.BaseClass" name="@BeforeSuite beforeSuitConfig" time="0.0">
    <ignored/>
  </testcase> <!-- @BeforeSuite beforeSuitConfig -->
  <testcase classname="vTiger.genericUtility.BaseClass" name="@AfterSuite afterSuitConfig" time="0.0">
    <ignored/>
  </testcase> <!-- @AfterSuite afterSuitConfig -->
  <testcase classname="vTiger.genericUtility.BaseClass" name="@AfterSuite afterSuitConfig" time="0.0">
    <ignored/>
  </testcase> <!-- @AfterSuite afterSuitConfig -->
  <testcase classname="vTiger.genericUtility.BaseClass" name="@AfterSuite afterSuitConfig" time="0.0">
    <ignored/>
  </testcase> <!-- @AfterSuite afterSuitConfig -->
  <testcase classname="vTiger.genericUtility.BaseClass" name="@AfterSuite afterSuitConfig" time="0.0">
    <ignored/>
  </testcase> <!-- @AfterSuite afterSuitConfig -->
</testsuite> <!-- Test -->
