<?xml version="1.0" encoding="UTF-8"?>
<!-- Generated by org.testng.reporters.JUnitXMLReporter -->
<testsuite ignored="2" hostname="Villain" failures="0" tests="2" name="Test" time="37.393" errors="0" timestamp="2024-07-10T09:23:20 IST">
  <testcase classname="vTiger.OrganizationTest.ToCreateOrganizationTest" name="toCreareOrganizationTest_002" time="11.221"/>
  <testcase classname="vTiger.ContactTest.ToCreateContactTest" name="toCreateContactTest_001" time="9.655"/>
  <testcase classname="vTiger.genericUtility.BaseClass" name="@BeforeSuite beforeSuitConfig" time="0.0">
    <ignored/>
  </testcase> <!-- @BeforeSuite beforeSuitConfig -->
  <testcase classname="vTiger.genericUtility.BaseClass" name="@AfterSuite afterSuitConfig" time="0.0">
    <ignored/>
  </testcase> <!-- @AfterSuite afterSuitConfig -->
</testsuite> <!-- Test -->
