<?xml version="1.0" encoding="UTF-8"?>
<testng-results ignored="6" total="10" passed="4" failed="0" skipped="0">
  <reporter-output>
    <line>
      <![CDATA[data base connection established]]>
    </line>
    <line>
      <![CDATA[database connection established]]>
    </line>
    <line>
      <![CDATA[Browser got launch]]>
    </line>
    <line>
      <![CDATA[navigated to login page]]>
    </line>
    <line>
      <![CDATA[sucessfully]]>
    </line>
    <line>
      <![CDATA[logout sucsessfully]]>
    </line>
    <line>
      <![CDATA[Browser closed secssesfully]]>
    </line>
    <line>
      <![CDATA[database connection established]]>
    </line>
    <line>
      <![CDATA[Browser got launch]]>
    </line>
    <line>
      <![CDATA[navigated to login page]]>
    </line>
    <line>
      <![CDATA[sucessfully]]>
    </line>
    <line>
      <![CDATA[[ CON109 ] Villain - Contact Information.....passed...]]>
    </line>
    <line>
      <![CDATA[logout sucsessfully]]>
    </line>
    <line>
      <![CDATA[Browser closed secssesfully]]>
    </line>
    <line>
      <![CDATA[database connection established]]>
    </line>
    <line>
      <![CDATA[Browser got launch]]>
    </line>
    <line>
      <![CDATA[navigated to login page]]>
    </line>
    <line>
      <![CDATA[sucessfully]]>
    </line>
    <line>
      <![CDATA[FirstNme created sucseesfully]]>
    </line>
    <line>
      <![CDATA[lastname sucsess]]>
    </line>
    <line>
      <![CDATA[comapny name created sucsess]]>
    </line>
    <line>
      <![CDATA[logout sucsessfully]]>
    </line>
    <line>
      <![CDATA[Browser closed secssesfully]]>
    </line>
    <line>
      <![CDATA[database connection established]]>
    </line>
    <line>
      <![CDATA[Browser got launch]]>
    </line>
    <line>
      <![CDATA[navigated to login page]]>
    </line>
    <line>
      <![CDATA[sucessfully]]>
    </line>
    <line>
      <![CDATA[product page created sucsessfully]]>
    </line>
    <line>
      <![CDATA[[ PRO19 ] moto - Product Information]]>
    </line>
    <line>
      <![CDATA[logout sucsessfully]]>
    </line>
    <line>
      <![CDATA[Browser closed secssesfully]]>
    </line>
    <line>
      <![CDATA[---database connection disconnected--]]>
    </line>
  </reporter-output>
  <suite started-at="2025-08-01T12:54:35 IST" name="Suite" finished-at="2025-08-01T12:56:11 IST" duration-ms="96725">
    <groups>
      <group name="Regression">
        <method signature="ToCreateOrganizationTest.toCreareOrganizationTest_002()[pri:0, instance:vTiger.OrganizationTest.ToCreateOrganizationTest@18078bef]" name="toCreareOrganizationTest_002" class="vTiger.OrganizationTest.ToCreateOrganizationTest"/>
      </group> <!-- Regression -->
    </groups>
    <test started-at="2025-08-01T12:54:35 IST" name="Test" finished-at="2025-08-01T12:56:11 IST" duration-ms="96725">
      <class name="vTiger.OrganizationTest.ToCreateOrganizationTest">
        <test-method is-config="true" signature="beforeSuitConfig()[pri:0, instance:vTiger.OrganizationTest.ToCreateOrganizationTest@18078bef]" started-at="2025-08-01T12:54:35 IST" name="beforeSuitConfig" finished-at="2025-08-01T12:54:35 IST" duration-ms="10" status="PASS">
          <reporter-output>
            <line>
              <![CDATA[data base connection established]]>
            </line>
          </reporter-output>
        </test-method> <!-- beforeSuitConfig -->
        <test-method is-config="true" signature="beforeClassConfig()[pri:0, instance:vTiger.OrganizationTest.ToCreateOrganizationTest@18078bef]" started-at="2025-08-01T12:54:35 IST" name="beforeClassConfig" finished-at="2025-08-01T12:54:39 IST" duration-ms="4216" status="PASS">
          <reporter-output>
            <line>
              <![CDATA[database connection established]]>
            </line>
            <line>
              <![CDATA[Browser got launch]]>
            </line>
            <line>
              <![CDATA[navigated to login page]]>
            </line>
          </reporter-output>
        </test-method> <!-- beforeClassConfig -->
        <test-method is-config="true" signature="beforeMethodeConfig()[pri:0, instance:vTiger.OrganizationTest.ToCreateOrganizationTest@18078bef]" started-at="2025-08-01T12:54:39 IST" name="beforeMethodeConfig" finished-at="2025-08-01T12:54:42 IST" duration-ms="3248" status="PASS">
          <reporter-output>
            <line>
              <![CDATA[sucessfully]]>
            </line>
          </reporter-output>
        </test-method> <!-- beforeMethodeConfig -->
        <test-method signature="toCreareOrganizationTest_002()[pri:0, instance:vTiger.OrganizationTest.ToCreateOrganizationTest@18078bef]" started-at="2025-08-01T12:54:42 IST" name="toCreareOrganizationTest_002" finished-at="2025-08-01T12:54:57 IST" duration-ms="15113" status="PASS">
          <reporter-output>
          </reporter-output>
        </test-method> <!-- toCreareOrganizationTest_002 -->
        <test-method is-config="true" signature="afterMethodeConfig()[pri:0, instance:vTiger.OrganizationTest.ToCreateOrganizationTest@18078bef]" started-at="2025-08-01T12:54:57 IST" name="afterMethodeConfig" finished-at="2025-08-01T12:54:59 IST" duration-ms="2181" status="PASS">
          <reporter-output>
            <line>
              <![CDATA[logout sucsessfully]]>
            </line>
          </reporter-output>
        </test-method> <!-- afterMethodeConfig -->
        <test-method is-config="true" signature="afterClass()[pri:0, instance:vTiger.OrganizationTest.ToCreateOrganizationTest@18078bef]" started-at="2025-08-01T12:54:59 IST" name="afterClass" finished-at="2025-08-01T12:55:00 IST" duration-ms="433" status="PASS">
          <reporter-output>
            <line>
              <![CDATA[Browser closed secssesfully]]>
            </line>
          </reporter-output>
        </test-method> <!-- afterClass -->
        <test-method is-config="true" signature="afterSuitConfig()[pri:0, instance:vTiger.OrganizationTest.ToCreateOrganizationTest@18078bef]" started-at="2025-08-01T12:56:11 IST" name="afterSuitConfig" finished-at="2025-08-01T12:56:11 IST" duration-ms="0" status="PASS">
          <reporter-output>
            <line>
              <![CDATA[---database connection disconnected--]]>
            </line>
          </reporter-output>
        </test-method> <!-- afterSuitConfig -->
      </class> <!-- vTiger.OrganizationTest.ToCreateOrganizationTest -->
      <class name="vTiger.Product.ToCreatProductPage">
        <test-method is-config="true" signature="beforeClassConfig()[pri:0, instance:vTiger.Product.ToCreatProductPage@2a4fb17b]" started-at="2025-08-01T12:55:46 IST" name="beforeClassConfig" finished-at="2025-08-01T12:55:50 IST" duration-ms="3563" status="PASS">
          <reporter-output>
            <line>
              <![CDATA[database connection established]]>
            </line>
            <line>
              <![CDATA[Browser got launch]]>
            </line>
            <line>
              <![CDATA[navigated to login page]]>
            </line>
          </reporter-output>
        </test-method> <!-- beforeClassConfig -->
        <test-method is-config="true" signature="beforeMethodeConfig()[pri:0, instance:vTiger.Product.ToCreatProductPage@2a4fb17b]" started-at="2025-08-01T12:55:50 IST" name="beforeMethodeConfig" finished-at="2025-08-01T12:55:54 IST" duration-ms="4471" status="PASS">
          <reporter-output>
            <line>
              <![CDATA[sucessfully]]>
            </line>
          </reporter-output>
        </test-method> <!-- beforeMethodeConfig -->
        <test-method signature="tocreateProductPage()[pri:0, instance:vTiger.Product.ToCreatProductPage@2a4fb17b]" started-at="2025-08-01T12:55:54 IST" name="tocreateProductPage" finished-at="2025-08-01T12:56:09 IST" duration-ms="14970" status="PASS">
          <reporter-output>
            <line>
              <![CDATA[product page created sucsessfully]]>
            </line>
            <line>
              <![CDATA[[ PRO19 ] moto - Product Information]]>
            </line>
          </reporter-output>
        </test-method> <!-- tocreateProductPage -->
        <test-method is-config="true" signature="afterMethodeConfig()[pri:0, instance:vTiger.Product.ToCreatProductPage@2a4fb17b]" started-at="2025-08-01T12:56:09 IST" name="afterMethodeConfig" finished-at="2025-08-01T12:56:11 IST" duration-ms="2021" status="PASS">
          <reporter-output>
            <line>
              <![CDATA[logout sucsessfully]]>
            </line>
          </reporter-output>
        </test-method> <!-- afterMethodeConfig -->
        <test-method is-config="true" signature="afterClass()[pri:0, instance:vTiger.Product.ToCreatProductPage@2a4fb17b]" started-at="2025-08-01T12:56:11 IST" name="afterClass" finished-at="2025-08-01T12:56:11 IST" duration-ms="279" status="PASS">
          <reporter-output>
            <line>
              <![CDATA[Browser closed secssesfully]]>
            </line>
          </reporter-output>
        </test-method> <!-- afterClass -->
      </class> <!-- vTiger.Product.ToCreatProductPage -->
      <class name="vTiger.LeadsPage.ToCreateLeadsInfo">
        <test-method is-config="true" signature="beforeClassConfig()[pri:0, instance:vTiger.LeadsPage.ToCreateLeadsInfo@34a3d150]" started-at="2025-08-01T12:55:23 IST" name="beforeClassConfig" finished-at="2025-08-01T12:55:26 IST" duration-ms="3091" status="PASS">
          <reporter-output>
            <line>
              <![CDATA[database connection established]]>
            </line>
            <line>
              <![CDATA[Browser got launch]]>
            </line>
            <line>
              <![CDATA[navigated to login page]]>
            </line>
          </reporter-output>
        </test-method> <!-- beforeClassConfig -->
        <test-method is-config="true" signature="beforeMethodeConfig()[pri:0, instance:vTiger.LeadsPage.ToCreateLeadsInfo@34a3d150]" started-at="2025-08-01T12:55:26 IST" name="beforeMethodeConfig" finished-at="2025-08-01T12:55:30 IST" duration-ms="3995" status="PASS">
          <reporter-output>
            <line>
              <![CDATA[sucessfully]]>
            </line>
          </reporter-output>
        </test-method> <!-- beforeMethodeConfig -->
        <test-method signature="tocreateleadsTest_001()[pri:0, instance:vTiger.LeadsPage.ToCreateLeadsInfo@34a3d150]" started-at="2025-08-01T12:55:30 IST" name="tocreateleadsTest_001" finished-at="2025-08-01T12:55:43 IST" duration-ms="13497" status="PASS">
          <reporter-output>
            <line>
              <![CDATA[FirstNme created sucseesfully]]>
            </line>
            <line>
              <![CDATA[lastname sucsess]]>
            </line>
            <line>
              <![CDATA[comapny name created sucsess]]>
            </line>
          </reporter-output>
        </test-method> <!-- tocreateleadsTest_001 -->
        <test-method is-config="true" signature="afterMethodeConfig()[pri:0, instance:vTiger.LeadsPage.ToCreateLeadsInfo@34a3d150]" started-at="2025-08-01T12:55:43 IST" name="afterMethodeConfig" finished-at="2025-08-01T12:55:46 IST" duration-ms="2051" status="PASS">
          <reporter-output>
            <line>
              <![CDATA[logout sucsessfully]]>
            </line>
          </reporter-output>
        </test-method> <!-- afterMethodeConfig -->
        <test-method is-config="true" signature="afterClass()[pri:0, instance:vTiger.LeadsPage.ToCreateLeadsInfo@34a3d150]" started-at="2025-08-01T12:55:46 IST" name="afterClass" finished-at="2025-08-01T12:55:46 IST" duration-ms="433" status="PASS">
          <reporter-output>
            <line>
              <![CDATA[Browser closed secssesfully]]>
            </line>
          </reporter-output>
        </test-method> <!-- afterClass -->
      </class> <!-- vTiger.LeadsPage.ToCreateLeadsInfo -->
      <class name="vTiger.ContactTest.ToCreateContactTest">
        <test-method is-config="true" signature="beforeClassConfig()[pri:0, instance:vTiger.ContactTest.ToCreateContactTest@31304f14]" started-at="2025-08-01T12:55:00 IST" name="beforeClassConfig" finished-at="2025-08-01T12:55:03 IST" duration-ms="2992" status="PASS">
          <reporter-output>
            <line>
              <![CDATA[database connection established]]>
            </line>
            <line>
              <![CDATA[Browser got launch]]>
            </line>
            <line>
              <![CDATA[navigated to login page]]>
            </line>
          </reporter-output>
        </test-method> <!-- beforeClassConfig -->
        <test-method is-config="true" signature="beforeMethodeConfig()[pri:0, instance:vTiger.ContactTest.ToCreateContactTest@31304f14]" started-at="2025-08-01T12:55:03 IST" name="beforeMethodeConfig" finished-at="2025-08-01T12:55:07 IST" duration-ms="3849" status="PASS">
          <reporter-output>
            <line>
              <![CDATA[sucessfully]]>
            </line>
          </reporter-output>
        </test-method> <!-- beforeMethodeConfig -->
        <test-method signature="toCreateContactTest_001()[pri:0, instance:vTiger.ContactTest.ToCreateContactTest@31304f14]" started-at="2025-08-01T12:55:07 IST" name="toCreateContactTest_001" finished-at="2025-08-01T12:55:21 IST" duration-ms="13980" status="PASS">
          <reporter-output>
            <line>
              <![CDATA[[ CON109 ] Villain - Contact Information.....passed...]]>
            </line>
          </reporter-output>
        </test-method> <!-- toCreateContactTest_001 -->
        <test-method is-config="true" signature="afterMethodeConfig()[pri:0, instance:vTiger.ContactTest.ToCreateContactTest@31304f14]" started-at="2025-08-01T12:55:21 IST" name="afterMethodeConfig" finished-at="2025-08-01T12:55:23 IST" duration-ms="1991" status="PASS">
          <reporter-output>
            <line>
              <![CDATA[logout sucsessfully]]>
            </line>
          </reporter-output>
        </test-method> <!-- afterMethodeConfig -->
        <test-method is-config="true" signature="afterClass()[pri:0, instance:vTiger.ContactTest.ToCreateContactTest@31304f14]" started-at="2025-08-01T12:55:23 IST" name="afterClass" finished-at="2025-08-01T12:55:23 IST" duration-ms="281" status="PASS">
          <reporter-output>
            <line>
              <![CDATA[Browser closed secssesfully]]>
            </line>
          </reporter-output>
        </test-method> <!-- afterClass -->
      </class> <!-- vTiger.ContactTest.ToCreateContactTest -->
    </test> <!-- Test -->
  </suite> <!-- Suite -->
</testng-results>
