<?xml version="1.0" encoding="UTF-8"?>
<testng-results ignored="8" total="12" passed="4" failed="0" skipped="0">
  <reporter-output>
    <line>
      <![CDATA[data base connection established]]>
    </line>
    <line>
      <![CDATA[database connection established]]>
    </line>
    <line>
      <![CDATA[Browser got launch]]>
    </line>
    <line>
      <![CDATA[navigated to login page]]>
    </line>
    <line>
      <![CDATA[sucessfully]]>
    </line>
    <line>
      <![CDATA[[ CON104 ] Villain - Contact Information.....passed...]]>
    </line>
    <line>
      <![CDATA[logout sucsessfully]]>
    </line>
    <line>
      <![CDATA[Browser closed secssesfully]]>
    </line>
    <line>
      <![CDATA[database connection established]]>
    </line>
    <line>
      <![CDATA[Browser got launch]]>
    </line>
    <line>
      <![CDATA[navigated to login page]]>
    </line>
    <line>
      <![CDATA[sucessfully]]>
    </line>
    <line>
      <![CDATA[product page created sucsessfully]]>
    </line>
    <line>
      <![CDATA[[ PRO17 ] moto - Product Information]]>
    </line>
    <line>
      <![CDATA[logout sucsessfully]]>
    </line>
    <line>
      <![CDATA[Browser closed secssesfully]]>
    </line>
    <line>
      <![CDATA[database connection established]]>
    </line>
    <line>
      <![CDATA[Browser got launch]]>
    </line>
    <line>
      <![CDATA[navigated to login page]]>
    </line>
    <line>
      <![CDATA[sucessfully]]>
    </line>
    <line>
      <![CDATA[FirstNme created sucseesfully]]>
    </line>
    <line>
      <![CDATA[lastname sucsess]]>
    </line>
    <line>
      <![CDATA[comapny name created sucsess]]>
    </line>
    <line>
      <![CDATA[logout sucsessfully]]>
    </line>
    <line>
      <![CDATA[Browser closed secssesfully]]>
    </line>
    <line>
      <![CDATA[database connection established]]>
    </line>
    <line>
      <![CDATA[Browser got launch]]>
    </line>
    <line>
      <![CDATA[navigated to login page]]>
    </line>
    <line>
      <![CDATA[sucessfully]]>
    </line>
    <line>
      <![CDATA[logout sucsessfully]]>
    </line>
    <line>
      <![CDATA[Browser closed secssesfully]]>
    </line>
    <line>
      <![CDATA[---database connection disconnected--]]>
    </line>
  </reporter-output>
  <suite started-at="2025-07-31T13:36:56 IST" name="Default suite" finished-at="2025-07-31T13:38:25 IST" duration-ms="89336">
    <groups>
      <group name="Regression">
        <method signature="ToCreateOrganizationTest.toCreareOrganizationTest_002()[pri:0, instance:vTiger.OrganizationTest.ToCreateOrganizationTest@6a78afa0]" name="toCreareOrganizationTest_002" class="vTiger.OrganizationTest.ToCreateOrganizationTest"/>
      </group> <!-- Regression -->
    </groups>
    <test started-at="2025-07-31T13:36:56 IST" name="Default test" finished-at="2025-07-31T13:38:25 IST" duration-ms="89336">
      <class name="vTiger.OrganizationTest.ToCreateOrganizationTest">
        <test-method is-config="true" signature="beforeClassConfig()[pri:0, instance:vTiger.OrganizationTest.ToCreateOrganizationTest@6a78afa0]" started-at="2025-07-31T13:37:59 IST" name="beforeClassConfig" finished-at="2025-07-31T13:38:02 IST" duration-ms="2775" status="PASS">
          <reporter-output>
            <line>
              <![CDATA[database connection established]]>
            </line>
            <line>
              <![CDATA[Browser got launch]]>
            </line>
            <line>
              <![CDATA[navigated to login page]]>
            </line>
          </reporter-output>
        </test-method> <!-- beforeClassConfig -->
        <test-method is-config="true" signature="beforeMethodeConfig()[pri:0, instance:vTiger.OrganizationTest.ToCreateOrganizationTest@6a78afa0]" started-at="2025-07-31T13:38:02 IST" name="beforeMethodeConfig" finished-at="2025-07-31T13:38:05 IST" duration-ms="3508" status="PASS">
          <reporter-output>
            <line>
              <![CDATA[sucessfully]]>
            </line>
          </reporter-output>
        </test-method> <!-- beforeMethodeConfig -->
        <test-method signature="toCreareOrganizationTest_002()[pri:0, instance:vTiger.OrganizationTest.ToCreateOrganizationTest@6a78afa0]" started-at="2025-07-31T13:38:05 IST" name="toCreareOrganizationTest_002" finished-at="2025-07-31T13:38:18 IST" duration-ms="12972" status="PASS">
          <reporter-output>
          </reporter-output>
        </test-method> <!-- toCreareOrganizationTest_002 -->
        <test-method is-config="true" signature="afterMethodeConfig()[pri:0, instance:vTiger.OrganizationTest.ToCreateOrganizationTest@6a78afa0]" started-at="2025-07-31T13:38:18 IST" name="afterMethodeConfig" finished-at="2025-07-31T13:38:25 IST" duration-ms="6918" status="PASS">
          <reporter-output>
            <line>
              <![CDATA[logout sucsessfully]]>
            </line>
          </reporter-output>
        </test-method> <!-- afterMethodeConfig -->
        <test-method is-config="true" signature="afterClass()[pri:0, instance:vTiger.OrganizationTest.ToCreateOrganizationTest@6a78afa0]" started-at="2025-07-31T13:38:25 IST" name="afterClass" finished-at="2025-07-31T13:38:25 IST" duration-ms="167" status="PASS">
          <reporter-output>
            <line>
              <![CDATA[Browser closed secssesfully]]>
            </line>
          </reporter-output>
        </test-method> <!-- afterClass -->
      </class> <!-- vTiger.OrganizationTest.ToCreateOrganizationTest -->
      <class name="vTiger.Product.ToCreatProductPage">
        <test-method is-config="true" signature="beforeClassConfig()[pri:0, instance:vTiger.Product.ToCreatProductPage@7e6f74c]" started-at="2025-07-31T13:37:18 IST" name="beforeClassConfig" finished-at="2025-07-31T13:37:22 IST" duration-ms="3979" status="PASS">
          <reporter-output>
            <line>
              <![CDATA[database connection established]]>
            </line>
            <line>
              <![CDATA[Browser got launch]]>
            </line>
            <line>
              <![CDATA[navigated to login page]]>
            </line>
          </reporter-output>
        </test-method> <!-- beforeClassConfig -->
        <test-method is-config="true" signature="beforeMethodeConfig()[pri:0, instance:vTiger.Product.ToCreatProductPage@7e6f74c]" started-at="2025-07-31T13:37:22 IST" name="beforeMethodeConfig" finished-at="2025-07-31T13:37:26 IST" duration-ms="4066" status="PASS">
          <reporter-output>
            <line>
              <![CDATA[sucessfully]]>
            </line>
          </reporter-output>
        </test-method> <!-- beforeMethodeConfig -->
        <test-method signature="tocreateProductPage()[pri:0, instance:vTiger.Product.ToCreatProductPage@7e6f74c]" started-at="2025-07-31T13:37:26 IST" name="tocreateProductPage" finished-at="2025-07-31T13:37:38 IST" duration-ms="11177" status="PASS">
          <reporter-output>
            <line>
              <![CDATA[product page created sucsessfully]]>
            </line>
            <line>
              <![CDATA[[ PRO17 ] moto - Product Information]]>
            </line>
          </reporter-output>
        </test-method> <!-- tocreateProductPage -->
        <test-method is-config="true" signature="afterMethodeConfig()[pri:0, instance:vTiger.Product.ToCreatProductPage@7e6f74c]" started-at="2025-07-31T13:37:38 IST" name="afterMethodeConfig" finished-at="2025-07-31T13:37:39 IST" duration-ms="1652" status="PASS">
          <reporter-output>
            <line>
              <![CDATA[logout sucsessfully]]>
            </line>
          </reporter-output>
        </test-method> <!-- afterMethodeConfig -->
        <test-method is-config="true" signature="afterClass()[pri:0, instance:vTiger.Product.ToCreatProductPage@7e6f74c]" started-at="2025-07-31T13:37:39 IST" name="afterClass" finished-at="2025-07-31T13:37:39 IST" duration-ms="191" status="PASS">
          <reporter-output>
            <line>
              <![CDATA[Browser closed secssesfully]]>
            </line>
          </reporter-output>
        </test-method> <!-- afterClass -->
      </class> <!-- vTiger.Product.ToCreatProductPage -->
      <class name="vTiger.LeadsPage.ToCreateLeadsInfo">
        <test-method is-config="true" signature="beforeClassConfig()[pri:0, instance:vTiger.LeadsPage.ToCreateLeadsInfo@dd05255]" started-at="2025-07-31T13:37:39 IST" name="beforeClassConfig" finished-at="2025-07-31T13:37:42 IST" duration-ms="2639" status="PASS">
          <reporter-output>
            <line>
              <![CDATA[database connection established]]>
            </line>
            <line>
              <![CDATA[Browser got launch]]>
            </line>
            <line>
              <![CDATA[navigated to login page]]>
            </line>
          </reporter-output>
        </test-method> <!-- beforeClassConfig -->
        <test-method is-config="true" signature="beforeMethodeConfig()[pri:0, instance:vTiger.LeadsPage.ToCreateLeadsInfo@dd05255]" started-at="2025-07-31T13:37:42 IST" name="beforeMethodeConfig" finished-at="2025-07-31T13:37:42 IST" duration-ms="248" status="PASS">
          <reporter-output>
            <line>
              <![CDATA[sucessfully]]>
            </line>
          </reporter-output>
        </test-method> <!-- beforeMethodeConfig -->
        <test-method signature="tocreateleadsTest_001()[pri:0, instance:vTiger.LeadsPage.ToCreateLeadsInfo@dd05255]" started-at="2025-07-31T13:37:42 IST" name="tocreateleadsTest_001" finished-at="2025-07-31T13:37:57 IST" duration-ms="14776" status="PASS">
          <reporter-output>
            <line>
              <![CDATA[FirstNme created sucseesfully]]>
            </line>
            <line>
              <![CDATA[lastname sucsess]]>
            </line>
            <line>
              <![CDATA[comapny name created sucsess]]>
            </line>
          </reporter-output>
        </test-method> <!-- tocreateleadsTest_001 -->
        <test-method is-config="true" signature="afterMethodeConfig()[pri:0, instance:vTiger.LeadsPage.ToCreateLeadsInfo@dd05255]" started-at="2025-07-31T13:37:57 IST" name="afterMethodeConfig" finished-at="2025-07-31T13:37:59 IST" duration-ms="1697" status="PASS">
          <reporter-output>
            <line>
              <![CDATA[logout sucsessfully]]>
            </line>
          </reporter-output>
        </test-method> <!-- afterMethodeConfig -->
        <test-method is-config="true" signature="afterClass()[pri:0, instance:vTiger.LeadsPage.ToCreateLeadsInfo@dd05255]" started-at="2025-07-31T13:37:59 IST" name="afterClass" finished-at="2025-07-31T13:37:59 IST" duration-ms="204" status="PASS">
          <reporter-output>
            <line>
              <![CDATA[Browser closed secssesfully]]>
            </line>
          </reporter-output>
        </test-method> <!-- afterClass -->
      </class> <!-- vTiger.LeadsPage.ToCreateLeadsInfo -->
      <class name="vTiger.genericUtility.BaseClass">
        <test-method is-config="true" signature="beforeSuitConfig()[pri:0, instance:vTiger.genericUtility.BaseClass@45752059]" started-at="2025-07-31T13:36:56 IST" name="beforeSuitConfig" finished-at="2025-07-31T13:36:56 IST" duration-ms="7" status="PASS">
          <reporter-output>
            <line>
              <![CDATA[data base connection established]]>
            </line>
          </reporter-output>
        </test-method> <!-- beforeSuitConfig -->
        <test-method is-config="true" signature="afterSuitConfig()[pri:0, instance:vTiger.genericUtility.BaseClass@45752059]" started-at="2025-07-31T13:38:25 IST" name="afterSuitConfig" finished-at="2025-07-31T13:38:25 IST" duration-ms="0" status="PASS">
          <reporter-output>
            <line>
              <![CDATA[---database connection disconnected--]]>
            </line>
          </reporter-output>
        </test-method> <!-- afterSuitConfig -->
      </class> <!-- vTiger.genericUtility.BaseClass -->
      <class name="vTiger.ContactTest.ToCreateContactTest">
        <test-method is-config="true" signature="beforeClassConfig()[pri:0, instance:vTiger.ContactTest.ToCreateContactTest@44c03695]" started-at="2025-07-31T13:36:56 IST" name="beforeClassConfig" finished-at="2025-07-31T13:37:00 IST" duration-ms="3764" status="PASS">
          <reporter-output>
            <line>
              <![CDATA[database connection established]]>
            </line>
            <line>
              <![CDATA[Browser got launch]]>
            </line>
            <line>
              <![CDATA[navigated to login page]]>
            </line>
          </reporter-output>
        </test-method> <!-- beforeClassConfig -->
        <test-method is-config="true" signature="beforeMethodeConfig()[pri:0, instance:vTiger.ContactTest.ToCreateContactTest@44c03695]" started-at="2025-07-31T13:37:00 IST" name="beforeMethodeConfig" finished-at="2025-07-31T13:37:03 IST" duration-ms="3142" status="PASS">
          <reporter-output>
            <line>
              <![CDATA[sucessfully]]>
            </line>
          </reporter-output>
        </test-method> <!-- beforeMethodeConfig -->
        <test-method signature="toCreateContactTest_001()[pri:0, instance:vTiger.ContactTest.ToCreateContactTest@44c03695]" started-at="2025-07-31T13:37:03 IST" name="toCreateContactTest_001" finished-at="2025-07-31T13:37:16 IST" duration-ms="13275" status="PASS">
          <reporter-output>
            <line>
              <![CDATA[[ CON104 ] Villain - Contact Information.....passed...]]>
            </line>
          </reporter-output>
        </test-method> <!-- toCreateContactTest_001 -->
        <test-method is-config="true" signature="afterMethodeConfig()[pri:0, instance:vTiger.ContactTest.ToCreateContactTest@44c03695]" started-at="2025-07-31T13:37:16 IST" name="afterMethodeConfig" finished-at="2025-07-31T13:37:18 IST" duration-ms="1880" status="PASS">
          <reporter-output>
            <line>
              <![CDATA[logout sucsessfully]]>
            </line>
          </reporter-output>
        </test-method> <!-- afterMethodeConfig -->
        <test-method is-config="true" signature="afterClass()[pri:0, instance:vTiger.ContactTest.ToCreateContactTest@44c03695]" started-at="2025-07-31T13:37:18 IST" name="afterClass" finished-at="2025-07-31T13:37:18 IST" duration-ms="255" status="PASS">
          <reporter-output>
            <line>
              <![CDATA[Browser closed secssesfully]]>
            </line>
          </reporter-output>
        </test-method> <!-- afterClass -->
      </class> <!-- vTiger.ContactTest.ToCreateContactTest -->
    </test> <!-- Default test -->
  </suite> <!-- Default suite -->
</testng-results>
