<?xml version="1.0" encoding="UTF-8"?>
<!-- Generated by org.testng.reporters.JUnitXMLReporter -->
<testsuite ignored="10" hostname="Villain" failures="0" tests="5" name="Default test" time="153.814" errors="0" timestamp="2025-08-01T14:47:33 IST">
  <testcase classname="vTiger.Calender.ToCreateCalender" name="TocreateCalenderDate" time="15.228"/>
  <testcase classname="vTiger.ContactTest.ToCreateContactTest" name="toCreateContactTest_001" time="54.538"/>
  <testcase classname="vTiger.Product.ToCreatProductPage" name="tocreateProductPage" time="17.825"/>
  <testcase classname="vTiger.LeadsPage.ToCreateLeadInformations" name="tocreateleadsTest_001" time="11.508"/>
  <testcase classname="vTiger.OrganizationTest.ToCreateOrganizationTest" name="toCreareOrganizationTest_002" time="16.558"/>
  <testcase classname="vTiger.genericUtility.BaseClass" name="@BeforeSuite beforeSuitConfig" time="0.0">
    <ignored/>
  </testcase> <!-- @BeforeSuite beforeSuitConfig -->
  <testcase classname="vTiger.genericUtility.BaseClass" name="@BeforeSuite beforeSuitConfig" time="0.0">
    <ignored/>
  </testcase> <!-- @BeforeSuite beforeSuitConfig -->
  <testcase classname="vTiger.genericUtility.BaseClass" name="@BeforeSuite beforeSuitConfig" time="0.0">
    <ignored/>
  </testcase> <!-- @BeforeSuite beforeSuitConfig -->
  <testcase classname="vTiger.genericUtility.BaseClass" name="@BeforeSuite beforeSuitConfig" time="0.0">
    <ignored/>
  </testcase> <!-- @BeforeSuite beforeSuitConfig -->
  <testcase classname="vTiger.genericUtility.BaseClass" name="@BeforeSuite beforeSuitConfig" time="0.0">
    <ignored/>
  </testcase> <!-- @BeforeSuite beforeSuitConfig -->
  <testcase classname="vTiger.genericUtility.BaseClass" name="@AfterSuite afterSuitConfig" time="0.0">
    <ignored/>
  </testcase> <!-- @AfterSuite afterSuitConfig -->
  <testcase classname="vTiger.genericUtility.BaseClass" name="@AfterSuite afterSuitConfig" time="0.0">
    <ignored/>
  </testcase> <!-- @AfterSuite afterSuitConfig -->
  <testcase classname="vTiger.genericUtility.BaseClass" name="@AfterSuite afterSuitConfig" time="0.0">
    <ignored/>
  </testcase> <!-- @AfterSuite afterSuitConfig -->
  <testcase classname="vTiger.genericUtility.BaseClass" name="@AfterSuite afterSuitConfig" time="0.0">
    <ignored/>
  </testcase> <!-- @AfterSuite afterSuitConfig -->
  <testcase classname="vTiger.genericUtility.BaseClass" name="@AfterSuite afterSuitConfig" time="0.0">
    <ignored/>
  </testcase> <!-- @AfterSuite afterSuitConfig -->
</testsuite> <!-- Default test -->
