<?xml version="1.0" encoding="UTF-8"?>
<!-- Generated by org.testng.reporters.JUnitXMLReporter -->
<testsuite ignored="8" hostname="Villain" failures="0" tests="4" name="Default test" time="73.488" errors="0" timestamp="2025-08-01T12:51:41 IST">
  <testcase classname="vTiger.ContactTest.ToCreateContactTest" name="toCreateContactTest_001" time="10.99"/>
  <testcase classname="vTiger.Product.ToCreatProductPage" name="tocreateProductPage" time="8.799"/>
  <testcase classname="vTiger.LeadsPage.ToCreateLeadsInfo" name="tocreateleadsTest_001" time="7.482"/>
  <testcase classname="vTiger.OrganizationTest.ToCreateOrganizationTest" name="toCreareOrganizationTest_002" time="13.686"/>
  <testcase classname="vTiger.genericUtility.BaseClass" name="@BeforeSuite beforeSuitConfig" time="0.0">
    <ignored/>
  </testcase> <!-- @BeforeSuite beforeSuitConfig -->
  <testcase classname="vTiger.genericUtility.BaseClass" name="@BeforeSuite beforeSuitConfig" time="0.0">
    <ignored/>
  </testcase> <!-- @BeforeSuite beforeSuitConfig -->
  <testcase classname="vTiger.genericUtility.BaseClass" name="@BeforeSuite beforeSuitConfig" time="0.0">
    <ignored/>
  </testcase> <!-- @BeforeSuite beforeSuitConfig -->
  <testcase classname="vTiger.genericUtility.BaseClass" name="@BeforeSuite beforeSuitConfig" time="0.0">
    <ignored/>
  </testcase> <!-- @BeforeSuite beforeSuitConfig -->
  <testcase classname="vTiger.genericUtility.BaseClass" name="@AfterSuite afterSuitConfig" time="0.0">
    <ignored/>
  </testcase> <!-- @AfterSuite afterSuitConfig -->
  <testcase classname="vTiger.genericUtility.BaseClass" name="@AfterSuite afterSuitConfig" time="0.0">
    <ignored/>
  </testcase> <!-- @AfterSuite afterSuitConfig -->
  <testcase classname="vTiger.genericUtility.BaseClass" name="@AfterSuite afterSuitConfig" time="0.0">
    <ignored/>
  </testcase> <!-- @AfterSuite afterSuitConfig -->
  <testcase classname="vTiger.genericUtility.BaseClass" name="@AfterSuite afterSuitConfig" time="0.0">
    <ignored/>
  </testcase> <!-- @AfterSuite afterSuitConfig -->
</testsuite> <!-- Default test -->
